  CommandElse.cpp
  CommandEndIf.cpp
  CommandEqComp.cpp
  CommandIfThen.cpp
  CommandLessComp.cpp
  CommandPrint.cpp
  Compiler.cpp
  CommandRead.cpp
  CommandAssign.cpp
  Context.cpp
  Interpreter.cpp
  main.cpp
  Parser.cpp
D:\MultithreadedProgramCreator\MP Translator\Parser.cpp(65,34): warning C4101: 'ex': unreferenced local variable
  Thread.cpp
  Token.cpp
  Translator.cpp
  Generating code
  568 of 581 functions (97.8%) were compiled, the rest were copied from previous compilation.
    9 functions were new in current compilation
    2 functions had inline decision re-evaluated but remain unchanged
  Finished generating code
  MP Translator.vcxproj -> D:\MultithreadedProgramCreator\MP Translator\x64\Release\MP Translator.exe
